BountyHunt is the current benchmark! 
BountyHunt.sol
Attack_BountyHunt0.sol Attack_BountyHunt1.sol Attack_BountyHunt2.sol Attack_BountyHunt3.sol
BountyHunt will be deployed to private network.
workdir: /home/liuye/Projects/Vultron
0x00eeD452f13E237Af8089E372c588382990A2dF0
Default account unlocked.
workdir: /home/liuye/Projects/Vultron
0x00eeD452f13E237Af8089E372c588382990A2dF0
Default account unlocked.
workdir: /home/liuye/Projects/Vultron
0x00eeD452f13E237Af8089E372c588382990A2dF0
Default account unlocked.
workdir: /home/liuye/ContraMaster/vultron
0x00eeD452f13E237Af8089E372c588382990A2dF0
Default account unlocked.
workdir: /home/liuye/ContraMaster/vultron
0x00eeD452f13E237Af8089E372c588382990A2dF0
Default account unlocked.
workdir: /home/liuye/ContraMaster/vultron
0x00eeD452f13E237Af8089E372c588382990A2dF0
Default account unlocked.
